<?xml version="1.0" encoding="UTF-8"?>
<!-- Generated by org.testng.reporters.JUnitReportReporter -->
<testsuite hostname="DESKTOP-DLCGN6D" failures="0" tests="1" name="com.opensource.qa.TestNG" time="0.004" errors="0" timestamp="26 feb. 2022 13:27:51 GMT" skipped="0">
  <testcase classname="com.opensource.qa.TestNG" name="f" time="0.004"/>
</testsuite> <!-- com.opensource.qa.TestNG -->
